<?xml version="1.0" encoding="UTF-8"?>
<testng-results total="1" passed="1" failed="0" skipped="0">
  <reporter-output>
  </reporter-output>
  <suite started-at="2022-02-24T04:42:42Z" name="Default suite" finished-at="2022-02-24T04:42:44Z" duration-ms="2458">
    <groups>
    </groups>
    <test started-at="2022-02-24T04:42:42Z" name="Default test" finished-at="2022-02-24T04:42:44Z" duration-ms="2458">
      <class name="restaurantbooking.NewTest">
        <test-method is-config="true" signature="beforeTest()[pri:0, instance:restaurantbooking.NewTest@3bcd05cb]" started-at="2022-02-24T12:42:42Z" name="beforeTest" finished-at="2022-02-24T12:42:42Z" duration-ms="7" status="PASS">
          <reporter-output>
          </reporter-output>
        </test-method> <!-- beforeTest -->
        <test-method signature="f()[pri:0, instance:restaurantbooking.NewTest@3bcd05cb]" started-at="2022-02-24T12:42:42Z" name="f" finished-at="2022-02-24T12:42:44Z" duration-ms="2440" status="PASS">
          <reporter-output>
          </reporter-output>
        </test-method> <!-- f -->
        <test-method is-config="true" signature="afterTest()[pri:0, instance:restaurantbooking.NewTest@3bcd05cb]" started-at="2022-02-24T12:42:44Z" name="afterTest" finished-at="2022-02-24T12:42:44Z" duration-ms="0" status="PASS">
          <reporter-output>
          </reporter-output>
        </test-method> <!-- afterTest -->
      </class> <!-- restaurantbooking.NewTest -->
    </test> <!-- Default test -->
  </suite> <!-- Default suite -->
</testng-results>
